2026-04-13 04:21:03,969 INFO poly.monitor  Poly Monitor starting (PID 1864)
2026-04-13 04:21:04,163 INFO poly.portfolio  Loaded 2 positions from C:\Users\matts\.poly_positions.json
2026-04-13 04:21:04,277 INFO httpx  HTTP Request: GET https://gamma-api.polymarket.com/markets?limit=40&offset=0&active=true&closed=false&order=volume24hr&ascending=false "HTTP/1.1 200 OK"
2026-04-13 04:21:04,293 INFO poly.engine  Fetched 29 markets
2026-04-13 04:21:04,567 INFO httpx  HTTP Request: GET https://clob.polymarket.com/prices-history?market=77276629954845974131206708639482331195080176051253233339450147891178665959820&interval=max&fidelity=60 "HTTP/1.1 200 OK"
2026-04-13 04:21:04,567 INFO httpx  HTTP Request: GET https://data-api.polymarket.com/trades?limit=200&offset=0&market=0x965ebc5d79eb1ec02cad67245a44b9e45b33359018f013fb6cf81d5bbf7bcc8d "HTTP/1.1 200 OK"
2026-04-13 04:21:04,583 INFO httpx  HTTP Request: GET https://data-api.polymarket.com/trades?limit=200&offset=0&market=0xabb6bb4f7eefad8300e404ababe1580791e258aef663b73a8bab792518684759 "HTTP/1.1 200 OK"
2026-04-13 04:21:04,583 INFO httpx  HTTP Request: GET https://clob.polymarket.com/midpoint?token_id=90538013438399246674125939147272424357773921253199632436930218305581040235987 "HTTP/1.1 200 OK"
2026-04-13 04:21:04,583 INFO httpx  HTTP Request: GET https://clob.polymarket.com/midpoint?token_id=41004484905556820430171783088292854654441952667499527125436634397522798168110 "HTTP/1.1 200 OK"
2026-04-13 04:21:04,583 INFO httpx  HTTP Request: GET https://clob.polymarket.com/prices-history?market=90538013438399246674125939147272424357773921253199632436930218305581040235987&interval=max&fidelity=60 "HTTP/1.1 200 OK"
2026-04-13 04:21:04,583 INFO httpx  HTTP Request: GET https://data-api.polymarket.com/trades?limit=200&offset=0&market=0xd0dbdc94b28c5cffeef64ed6b13e5f0f2324fb177e5ffaa634b48c88fe18d5e7 "HTTP/1.1 200 OK"
2026-04-13 04:21:04,583 INFO httpx  HTTP Request: GET https://data-api.polymarket.com/trades?limit=200&offset=0&market=0x3bc69cb672591e4fcd2ef856b64b219a906e15d4601b50066ac81a446574dfaf "HTTP/1.1 200 OK"
2026-04-13 04:21:04,583 INFO httpx  HTTP Request: GET https://clob.polymarket.com/prices-history?market=41004484905556820430171783088292854654441952667499527125436634397522798168110&interval=max&fidelity=60 "HTTP/1.1 200 OK"
2026-04-13 04:21:04,583 INFO httpx  HTTP Request: GET https://clob.polymarket.com/prices-history?market=61595193871140044336898809781418183952441527621084596848414908595268863899573&interval=max&fidelity=60 "HTTP/1.1 200 OK"
2026-04-13 04:21:04,599 INFO httpx  HTTP Request: GET https://clob.polymarket.com/midpoint?token_id=61595193871140044336898809781418183952441527621084596848414908595268863899573 "HTTP/1.1 200 OK"
2026-04-13 04:21:04,599 INFO httpx  HTTP Request: GET https://clob.polymarket.com/midpoint?token_id=77276629954845974131206708639482331195080176051253233339450147891178665959820 "HTTP/1.1 200 OK"
2026-04-13 04:21:04,679 INFO httpx  HTTP Request: GET https://clob.polymarket.com/prices-history?market=79609298644734030886284029462369514848707878622071495577618126141372199748974&interval=max&fidelity=60 "HTTP/1.1 200 OK"
2026-04-13 04:21:04,679 INFO httpx  HTTP Request: GET https://data-api.polymarket.com/trades?limit=200&offset=0&market=0x9e5f9d8c384f8fe368b195fa9a780be58643dff7360588a4e577012df8af00a7 "HTTP/1.1 200 OK"
2026-04-13 04:21:04,679 INFO httpx  HTTP Request: GET https://clob.polymarket.com/prices-history?market=108233603819467706476318984012158651931658302669301887462181073562758483842092&interval=max&fidelity=60 "HTTP/1.1 200 OK"
2026-04-13 04:21:04,679 INFO httpx  HTTP Request: GET https://data-api.polymarket.com/trades?limit=200&offset=0&market=0x9b6fef249040fd17e9c107955b37ac2c3e923509b6b0ff01cc463a331ddeb894 "HTTP/1.1 200 OK"
2026-04-13 04:21:04,679 INFO httpx  HTTP Request: GET https://clob.polymarket.com/prices-history?market=4394372887385518214471608448209527405727552777602031099972143344338178308080&interval=max&fidelity=60 "HTTP/1.1 200 OK"
2026-04-13 04:21:04,695 INFO httpx  HTTP Request: GET https://data-api.polymarket.com/trades?limit=200&offset=0&market=0x813451b970c8aae23a9b2441fd9be8367e8691a636323ced76f6fd1914c1e0a8 "HTTP/1.1 200 OK"
2026-04-13 04:21:04,695 INFO httpx  HTTP Request: GET https://data-api.polymarket.com/trades?limit=200&offset=0&market=0x7976b8dbacf9077eb1453a62bcefd6ab2df199acd28aad276ff0d920d6992892 "HTTP/1.1 200 OK"
2026-04-13 04:21:04,695 INFO httpx  HTTP Request: GET https://clob.polymarket.com/midpoint?token_id=108233603819467706476318984012158651931658302669301887462181073562758483842092 "HTTP/1.1 200 OK"
2026-04-13 04:21:04,695 INFO httpx  HTTP Request: GET https://clob.polymarket.com/prices-history?market=110577858780148651266447864913251141042726823916797235908223754289720625159449&interval=max&fidelity=60 "HTTP/1.1 200 OK"
2026-04-13 04:21:04,710 INFO httpx  HTTP Request: GET https://clob.polymarket.com/midpoint?token_id=110577858780148651266447864913251141042726823916797235908223754289720625159449 "HTTP/1.1 200 OK"
2026-04-13 04:21:04,710 INFO httpx  HTTP Request: GET https://clob.polymarket.com/midpoint?token_id=4394372887385518214471608448209527405727552777602031099972143344338178308080 "HTTP/1.1 200 OK"
2026-04-13 04:21:04,775 INFO httpx  HTTP Request: GET https://clob.polymarket.com/prices-history?market=22587775301869146748237913050505932485648958481571808324285560650057390882036&interval=max&fidelity=60 "HTTP/1.1 200 OK"
2026-04-13 04:21:04,775 INFO httpx  HTTP Request: GET https://clob.polymarket.com/prices-history?market=89770121993255619705119104591644526712193505786928967250693522950895615785005&interval=max&fidelity=60 "HTTP/1.1 200 OK"
2026-04-13 04:21:04,775 INFO httpx  HTTP Request: GET https://data-api.polymarket.com/trades?limit=200&offset=0&market=0x5ccfe1b69a582d2985db08a8481a0d74c314b1fce9b4711ae2efb2c6467fe6aa "HTTP/1.1 200 OK"
2026-04-13 04:21:04,791 INFO httpx  HTTP Request: GET https://data-api.polymarket.com/trades?limit=200&offset=0&market=0xbce6698c9a61376c0709a2a724a9cf0dd0236d8dea882533073b6bb062efbee0 "HTTP/1.1 200 OK"
2026-04-13 04:21:04,807 INFO httpx  HTTP Request: GET https://clob.polymarket.com/midpoint?token_id=22587775301869146748237913050505932485648958481571808324285560650057390882036 "HTTP/1.1 200 OK"
2026-04-13 04:21:04,807 INFO httpx  HTTP Request: GET https://data-api.polymarket.com/trades?limit=200&offset=0&market=0xbaf7780f9059e34b84301fd411f8dc573b4d56adfe6e0cda33daf304b1438da4 "HTTP/1.1 200 OK"
2026-04-13 04:21:04,807 INFO httpx  HTTP Request: GET https://clob.polymarket.com/prices-history?market=39971087496427056640429359043364261029374524049464674733142166279730655826181&interval=max&fidelity=60 "HTTP/1.1 200 OK"
2026-04-13 04:21:04,823 INFO httpx  HTTP Request: GET https://clob.polymarket.com/midpoint?token_id=89770121993255619705119104591644526712193505786928967250693522950895615785005 "HTTP/1.1 200 OK"
2026-04-13 04:21:04,823 INFO httpx  HTTP Request: GET https://clob.polymarket.com/prices-history?market=94603648636330087039501304492699481091005420017442244191603206509188088089447&interval=max&fidelity=60 "HTTP/1.1 200 OK"
2026-04-13 04:21:04,823 INFO httpx  HTTP Request: GET https://data-api.polymarket.com/trades?limit=200&offset=0&market=0xcdb1f0400949238a63d3e88243d2ada08cd9c2a71985ced9f0cfd5e66354cf90 "HTTP/1.1 200 OK"
2026-04-13 04:21:04,823 INFO httpx  HTTP Request: GET https://clob.polymarket.com/midpoint?token_id=39971087496427056640429359043364261029374524049464674733142166279730655826181 "HTTP/1.1 200 OK"
2026-04-13 04:21:04,870 INFO httpx  HTTP Request: GET https://clob.polymarket.com/midpoint?token_id=79609298644734030886284029462369514848707878622071495577618126141372199748974 "HTTP/1.1 200 OK"
2026-04-13 04:21:04,886 INFO httpx  HTTP Request: GET https://clob.polymarket.com/midpoint?token_id=94603648636330087039501304492699481091005420017442244191603206509188088089447 "HTTP/1.1 200 OK"
2026-04-13 04:21:04,886 INFO httpx  HTTP Request: GET https://data-api.polymarket.com/trades?limit=200&offset=0&market=0x4f3421fb2daf5cca7430ed8d8132463963081572d75434393a1808fdb8829fe8 "HTTP/1.1 200 OK"
2026-04-13 04:21:04,886 INFO httpx  HTTP Request: GET https://clob.polymarket.com/prices-history?market=45415751658241142530386585138386640503488308219341470020075667342738719018629&interval=max&fidelity=60 "HTTP/1.1 200 OK"
2026-04-13 04:21:04,902 INFO httpx  HTTP Request: GET https://clob.polymarket.com/prices-history?market=9556122149160720922715284597610520228366807023831966638741974320131898296289&interval=max&fidelity=60 "HTTP/1.1 200 OK"
2026-04-13 04:21:04,902 INFO httpx  HTTP Request: GET https://clob.polymarket.com/midpoint?token_id=45415751658241142530386585138386640503488308219341470020075667342738719018629 "HTTP/1.1 200 OK"
2026-04-13 04:21:04,902 INFO httpx  HTTP Request: GET https://data-api.polymarket.com/trades?limit=200&offset=0&market=0xd4d00e5bf8b960cc37c74c1ec19e41e00b0706add203ddcfbb65ad006c5c223a "HTTP/1.1 200 OK"
2026-04-13 04:21:04,917 INFO httpx  HTTP Request: GET https://clob.polymarket.com/prices-history?market=48764428286656921488851644351774667118009263342042758531252625616470924946480&interval=max&fidelity=60 "HTTP/1.1 200 OK"
2026-04-13 04:21:04,917 INFO httpx  HTTP Request: GET https://clob.polymarket.com/prices-history?market=62131913648515148266463816694306031394539656598501514114816028349608560215534&interval=max&fidelity=60 "HTTP/1.1 200 OK"
2026-04-13 04:21:04,933 INFO httpx  HTTP Request: GET https://clob.polymarket.com/midpoint?token_id=9556122149160720922715284597610520228366807023831966638741974320131898296289 "HTTP/1.1 200 OK"
2026-04-13 04:21:04,933 INFO httpx  HTTP Request: GET https://data-api.polymarket.com/trades?limit=200&offset=0&market=0x3a26ca6425e2d98f14935670bc22cdb0744defc6f6d83c65f8c413a921c5c70c "HTTP/1.1 200 OK"
2026-04-13 04:21:04,954 INFO httpx  HTTP Request: GET https://clob.polymarket.com/midpoint?token_id=62131913648515148266463816694306031394539656598501514114816028349608560215534 "HTTP/1.1 200 OK"
2026-04-13 04:21:04,965 INFO httpx  HTTP Request: GET https://data-api.polymarket.com/trades?limit=200&offset=0&market=0xe443dab97ad8b7f58558cc7a6a3932d156031e962a451e0461e9a4578d78fe84 "HTTP/1.1 200 OK"
2026-04-13 04:21:04,996 INFO httpx  HTTP Request: GET https://data-api.polymarket.com/trades?limit=200&offset=0&market=0x0c4cd2055d6ea89354ffddc55d6dbcef9355748112ea952fc925f3db6a5c457f "HTTP/1.1 200 OK"
2026-04-13 04:21:04,996 INFO httpx  HTTP Request: GET https://clob.polymarket.com/midpoint?token_id=48764428286656921488851644351774667118009263342042758531252625616470924946480 "HTTP/1.1 200 OK"
2026-04-13 04:21:04,996 INFO httpx  HTTP Request: GET https://clob.polymarket.com/prices-history?market=18812649149814341758733697580460697418474693998558159483117100240528657629879&interval=max&fidelity=60 "HTTP/1.1 200 OK"
2026-04-13 04:21:04,996 INFO httpx  HTTP Request: GET https://clob.polymarket.com/prices-history?market=87403333427856945144645806003352057704193778078820484282942507058200689996202&interval=max&fidelity=60 "HTTP/1.1 200 OK"
2026-04-13 04:21:05,012 INFO httpx  HTTP Request: GET https://data-api.polymarket.com/trades?limit=200&offset=0&market=0xcd836ec4d94b8a4ddc5713d80fe9db245d2fb4796eaf12337974da1b4e96100d "HTTP/1.1 200 OK"
2026-04-13 04:21:05,012 INFO httpx  HTTP Request: GET https://clob.polymarket.com/midpoint?token_id=18812649149814341758733697580460697418474693998558159483117100240528657629879 "HTTP/1.1 200 OK"
2026-04-13 04:21:05,029 INFO httpx  HTTP Request: GET https://clob.polymarket.com/prices-history?market=115556263888245616435851357148058235707004733438163639091106356867234218207169&interval=max&fidelity=60 "HTTP/1.1 200 OK"
2026-04-13 04:21:05,045 INFO httpx  HTTP Request: GET https://clob.polymarket.com/midpoint?token_id=87403333427856945144645806003352057704193778078820484282942507058200689996202 "HTTP/1.1 200 OK"
2026-04-13 04:21:05,045 INFO httpx  HTTP Request: GET https://clob.polymarket.com/midpoint?token_id=115556263888245616435851357148058235707004733438163639091106356867234218207169 "HTTP/1.1 200 OK"
2026-04-13 04:21:05,054 INFO httpx  HTTP Request: GET https://clob.polymarket.com/prices-history?market=50143980393435996217714022897965886420387298227054033598176282877756178368402&interval=max&fidelity=60 "HTTP/1.1 200 OK"
2026-04-13 04:21:05,076 INFO httpx  HTTP Request: GET https://data-api.polymarket.com/trades?limit=200&offset=0&market=0x68beecc857017df8663fa36c0c86310dec7305aa88fe830c94651391314afc1c "HTTP/1.1 200 OK"
2026-04-13 04:21:05,093 INFO httpx  HTTP Request: GET https://data-api.polymarket.com/trades?limit=200&offset=0&market=0x23dbb60ade08c2664ac29488325afbc0136735bc7beb9180d9c0cb72620b0b13 "HTTP/1.1 200 OK"
2026-04-13 04:21:05,093 INFO httpx  HTTP Request: GET https://clob.polymarket.com/prices-history?market=66581786403328670900354976753624410175196577607177076834389236263921375429170&interval=max&fidelity=60 "HTTP/1.1 200 OK"
2026-04-13 04:21:05,109 INFO httpx  HTTP Request: GET https://clob.polymarket.com/midpoint?token_id=66581786403328670900354976753624410175196577607177076834389236263921375429170 "HTTP/1.1 200 OK"
2026-04-13 04:21:05,109 INFO httpx  HTTP Request: GET https://clob.polymarket.com/prices-history?market=43907673646206657865778036957293730446366626078011238443367990170655175896145&interval=max&fidelity=60 "HTTP/1.1 200 OK"
2026-04-13 04:21:05,109 INFO httpx  HTTP Request: GET https://clob.polymarket.com/midpoint?token_id=50143980393435996217714022897965886420387298227054033598176282877756178368402 "HTTP/1.1 200 OK"
2026-04-13 04:21:05,124 INFO httpx  HTTP Request: GET https://data-api.polymarket.com/trades?limit=200&offset=0&market=0x881a3ffa618b6ae0ab95a5637e310afb1afc2d99c921bfe3235b15eccfce0344 "HTTP/1.1 200 OK"
2026-04-13 04:21:05,140 INFO httpx  HTTP Request: GET https://data-api.polymarket.com/trades?limit=200&offset=0&market=0x30d55d8124ee1e12dabe89201badc45669b81dff69e4ce44d961f32878ec178a "HTTP/1.1 200 OK"
2026-04-13 04:21:05,140 INFO httpx  HTTP Request: GET https://clob.polymarket.com/prices-history?market=27576533317283401577758999384642760405921738493660383550832555714312627457443&interval=max&fidelity=60 "HTTP/1.1 200 OK"
2026-04-13 04:21:05,156 INFO httpx  HTTP Request: GET https://clob.polymarket.com/midpoint?token_id=43907673646206657865778036957293730446366626078011238443367990170655175896145 "HTTP/1.1 200 OK"
2026-04-13 04:21:05,172 INFO httpx  HTTP Request: GET https://clob.polymarket.com/midpoint?token_id=27576533317283401577758999384642760405921738493660383550832555714312627457443 "HTTP/1.1 200 OK"
2026-04-13 04:21:05,172 INFO httpx  HTTP Request: GET https://clob.polymarket.com/prices-history?market=91851388830923641218615793149765322805282194001900444983744404881757241655792&interval=max&fidelity=60 "HTTP/1.1 200 OK"
2026-04-13 04:21:05,188 INFO httpx  HTTP Request: GET https://data-api.polymarket.com/trades?limit=200&offset=0&market=0x375409bc5eeeff961e82b479caeccc20f33d15738e5bce1186d628aa3d9dfb1f "HTTP/1.1 200 OK"
2026-04-13 04:21:05,204 INFO httpx  HTTP Request: GET https://data-api.polymarket.com/trades?limit=200&offset=0&market=0x5c2e6aef8af5931e9bfa3750364626d754531d2fada2885d45c356b175962a25 "HTTP/1.1 200 OK"
2026-04-13 04:21:05,204 INFO httpx  HTTP Request: GET https://clob.polymarket.com/prices-history?market=18605216520960122093689427575806651607517827372535894526532079999408408169156&interval=max&fidelity=60 "HTTP/1.1 200 OK"
2026-04-13 04:21:05,204 INFO httpx  HTTP Request: GET https://data-api.polymarket.com/trades?limit=200&offset=0&market=0x4fe305a2ae995a52ff278895344895fe587b4fec3d5f04347b4dbf5e99bce99c "HTTP/1.1 200 OK"
2026-04-13 04:21:05,220 INFO httpx  HTTP Request: GET https://clob.polymarket.com/midpoint?token_id=91851388830923641218615793149765322805282194001900444983744404881757241655792 "HTTP/1.1 200 OK"
2026-04-13 04:21:05,226 INFO httpx  HTTP Request: GET https://clob.polymarket.com/midpoint?token_id=18605216520960122093689427575806651607517827372535894526532079999408408169156 "HTTP/1.1 200 OK"
2026-04-13 04:21:05,226 INFO httpx  HTTP Request: GET https://clob.polymarket.com/prices-history?market=77893140510362582253172593084218413010407941075415081594586195705930819989216&interval=max&fidelity=60 "HTTP/1.1 200 OK"
2026-04-13 04:21:05,242 INFO httpx  HTTP Request: GET https://data-api.polymarket.com/trades?limit=200&offset=0&market=0x924a2942747dd75703321a7c8d809c68f6a514c3b0f2a2e64274e02310634669 "HTTP/1.1 200 OK"
2026-04-13 04:21:05,242 INFO httpx  HTTP Request: GET https://clob.polymarket.com/prices-history?market=55115078421062885512539156303747803058407616201213034911037320915726138659123&interval=max&fidelity=60 "HTTP/1.1 200 OK"
2026-04-13 04:21:05,257 INFO httpx  HTTP Request: GET https://clob.polymarket.com/midpoint?token_id=77893140510362582253172593084218413010407941075415081594586195705930819989216 "HTTP/1.1 200 OK"
2026-04-13 04:21:05,275 INFO httpx  HTTP Request: GET https://data-api.polymarket.com/trades?limit=200&offset=0&market=0x5db999fad322cea2914535aae5517060c3f80ad6d8c0231cde2124a434d16846 "HTTP/1.1 200 OK"
2026-04-13 04:21:05,289 INFO httpx  HTTP Request: GET https://clob.polymarket.com/midpoint?token_id=55115078421062885512539156303747803058407616201213034911037320915726138659123 "HTTP/1.1 200 OK"
2026-04-13 04:21:05,305 INFO httpx  HTTP Request: GET https://clob.polymarket.com/prices-history?market=30499731947464516579580181356221397335865912996104577000510883912653418218808&interval=max&fidelity=60 "HTTP/1.1 200 OK"
2026-04-13 04:21:05,305 INFO httpx  HTTP Request: GET https://clob.polymarket.com/prices-history?market=99303605181956827630838461879484468077121754034387765735989859308848389894408&interval=max&fidelity=60 "HTTP/1.1 200 OK"
2026-04-13 04:21:05,305 INFO httpx  HTTP Request: GET https://data-api.polymarket.com/trades?limit=200&offset=0&market=0x7412d284c8f63791fec807f9b1f61c6fe61163621775a3dc8686cd2575272abe "HTTP/1.1 200 OK"
2026-04-13 04:21:05,321 INFO httpx  HTTP Request: GET https://data-api.polymarket.com/trades?limit=200&offset=0&market=0x67443cb1ffb2bf180f7df5b6ca7adff63f7e8e933c7e41405ba118f3e9f8befb "HTTP/1.1 200 OK"
2026-04-13 04:21:05,321 INFO httpx  HTTP Request: GET https://clob.polymarket.com/midpoint?token_id=30499731947464516579580181356221397335865912996104577000510883912653418218808 "HTTP/1.1 200 OK"
2026-04-13 04:21:05,321 INFO httpx  HTTP Request: GET https://clob.polymarket.com/midpoint?token_id=99303605181956827630838461879484468077121754034387765735989859308848389894408 "HTTP/1.1 200 OK"
